<?xml version="1.0" encoding="UTF-8"?>
<testsuite xmlns:xsi="http://www.w3.org/2001/XMLSchema-instance" xsi:noNamespaceSchemaLocation="https://maven.apache.org/surefire/maven-surefire-plugin/xsd/surefire-test-report.xsd" name="ar.edu.itba.sia.gps.TestGPSEngine" time="106.442" tests="39" errors="0" skipped="0" failures="0">
  <properties>
    <property name="sun.desktop" value="gnome"/>
    <property name="awt.toolkit" value="sun.awt.X11.XToolkit"/>
    <property name="java.specification.version" value="10"/>
    <property name="file.encoding.pkg" value="sun.io"/>
    <property name="sun.cpu.isalist" value=""/>
    <property name="sun.jnu.encoding" value="UTF-8"/>
    <property name="java.class.path" value="/home/pablo/SIA/sia-2019-1c-09/target/test-classes:/home/pablo/SIA/sia-2019-1c-09/target/classes:/home/pablo/.m2/repository/junit/junit/4.12/junit-4.12.jar:/home/pablo/.m2/repository/org/hamcrest/hamcrest-core/1.3/hamcrest-core-1.3.jar:/home/pablo/.m2/repository/org/json/json/20180813/json-20180813.jar:"/>
    <property name="java.vm.vendor" value="Oracle Corporation"/>
    <property name="sun.arch.data.model" value="64"/>
    <property name="java.vendor.url" value="http://java.oracle.com/"/>
    <property name="user.timezone" value=""/>
    <property name="java.vm.specification.version" value="10"/>
    <property name="os.name" value="Linux"/>
    <property name="sun.java.launcher" value="SUN_STANDARD"/>
    <property name="user.country" value="US"/>
    <property name="sun.boot.library.path" value="/usr/lib/jvm/java-11-openjdk-amd64/lib"/>
    <property name="sun.java.command" value="/home/pablo/SIA/sia-2019-1c-09/target/surefire/surefirebooter11742712203223195119.jar /home/pablo/SIA/sia-2019-1c-09/target/surefire 2019-04-03T12-07-30_821-jvmRun1 surefire9966643317853409794tmp surefire_014160092946735616220tmp"/>
    <property name="jdk.debug" value="release"/>
    <property name="surefire.test.class.path" value="/home/pablo/SIA/sia-2019-1c-09/target/test-classes:/home/pablo/SIA/sia-2019-1c-09/target/classes:/home/pablo/.m2/repository/junit/junit/4.12/junit-4.12.jar:/home/pablo/.m2/repository/org/hamcrest/hamcrest-core/1.3/hamcrest-core-1.3.jar:/home/pablo/.m2/repository/org/json/json/20180813/json-20180813.jar:"/>
    <property name="sun.cpu.endian" value="little"/>
    <property name="user.home" value="/home/pablo"/>
    <property name="user.language" value="en"/>
    <property name="java.specification.vendor" value="Oracle Corporation"/>
    <property name="java.version.date" value="2018-07-17"/>
    <property name="java.home" value="/usr/lib/jvm/java-11-openjdk-amd64"/>
    <property name="file.separator" value="/"/>
    <property name="basedir" value="/home/pablo/SIA/sia-2019-1c-09"/>
    <property name="java.vm.compressedOopsMode" value="32-bit"/>
    <property name="line.separator" value="&#10;"/>
    <property name="java.specification.name" value="Java Platform API Specification"/>
    <property name="java.vm.specification.vendor" value="Oracle Corporation"/>
    <property name="java.awt.graphicsenv" value="sun.awt.X11GraphicsEnvironment"/>
    <property name="surefire.real.class.path" value="/home/pablo/SIA/sia-2019-1c-09/target/surefire/surefirebooter11742712203223195119.jar"/>
    <property name="sun.management.compiler" value="HotSpot 64-Bit Tiered Compilers"/>
    <property name="java.runtime.version" value="10.0.2+13-Ubuntu-1ubuntu0.18.04.4"/>
    <property name="user.name" value="pablo"/>
    <property name="path.separator" value=":"/>
    <property name="os.version" value="4.15.0-47-generic"/>
    <property name="java.runtime.name" value="OpenJDK Runtime Environment"/>
    <property name="file.encoding" value="UTF-8"/>
    <property name="java.vm.name" value="OpenJDK 64-Bit Server VM"/>
    <property name="localRepository" value="/home/pablo/.m2/repository"/>
    <property name="java.vendor.url.bug" value="http://bugreport.java.com/bugreport/"/>
    <property name="java.io.tmpdir" value="/tmp"/>
    <property name="java.version" value="10.0.2"/>
    <property name="user.dir" value="/home/pablo/SIA/sia-2019-1c-09"/>
    <property name="os.arch" value="amd64"/>
    <property name="java.vm.specification.name" value="Java Virtual Machine Specification"/>
    <property name="java.awt.printerjob" value="sun.print.PSPrinterJob"/>
    <property name="sun.os.patch.level" value="unknown"/>
    <property name="java.library.path" value="/usr/java/packages/lib:/usr/lib/x86_64-linux-gnu/jni:/lib/x86_64-linux-gnu:/usr/lib/x86_64-linux-gnu:/usr/lib/jni:/lib:/usr/lib"/>
    <property name="java.vendor" value="Oracle Corporation"/>
    <property name="java.vm.info" value="mixed mode"/>
    <property name="java.vm.version" value="10.0.2+13-Ubuntu-1ubuntu0.18.04.4"/>
    <property name="sun.io.unicode.encoding" value="UnicodeLittle"/>
    <property name="java.class.version" value="54.0"/>
  </properties>
  <testcase name="testFindSolution[0]" classname="ar.edu.itba.sia.gps.TestGPSEngine" time="0.063"/>
  <testcase name="testFindSolution[1]" classname="ar.edu.itba.sia.gps.TestGPSEngine" time="0.066"/>
  <testcase name="testFindSolution[2]" classname="ar.edu.itba.sia.gps.TestGPSEngine" time="0.008"/>
  <testcase name="testFindSolution[3]" classname="ar.edu.itba.sia.gps.TestGPSEngine" time="0.025"/>
  <testcase name="testFindSolution[4]" classname="ar.edu.itba.sia.gps.TestGPSEngine" time="0.007"/>
  <testcase name="testFindSolution[5]" classname="ar.edu.itba.sia.gps.TestGPSEngine" time="0.084"/>
  <testcase name="testFindSolution[6]" classname="ar.edu.itba.sia.gps.TestGPSEngine" time="8.632"/>
  <testcase name="testFindSolution[7]" classname="ar.edu.itba.sia.gps.TestGPSEngine" time="0.014"/>
  <testcase name="testFindSolution[8]" classname="ar.edu.itba.sia.gps.TestGPSEngine" time="0.031"/>
  <testcase name="testFindSolution[9]" classname="ar.edu.itba.sia.gps.TestGPSEngine" time="0.043"/>
  <testcase name="testFindSolution[10]" classname="ar.edu.itba.sia.gps.TestGPSEngine" time="0.033"/>
  <testcase name="testFindSolution[11]" classname="ar.edu.itba.sia.gps.TestGPSEngine" time="0.007"/>
  <testcase name="testFindSolution[12]" classname="ar.edu.itba.sia.gps.TestGPSEngine" time="1.752"/>
  <testcase name="testFindSolution[13]" classname="ar.edu.itba.sia.gps.TestGPSEngine" time="12.1"/>
  <testcase name="testFindSolution[14]" classname="ar.edu.itba.sia.gps.TestGPSEngine" time="0.147"/>
  <testcase name="testFindSolution[15]" classname="ar.edu.itba.sia.gps.TestGPSEngine" time="0.031"/>
  <testcase name="testFindSolution[16]" classname="ar.edu.itba.sia.gps.TestGPSEngine" time="0.036"/>
  <testcase name="testFindSolution[17]" classname="ar.edu.itba.sia.gps.TestGPSEngine" time="0.064"/>
  <testcase name="testFindSolution[18]" classname="ar.edu.itba.sia.gps.TestGPSEngine" time="0.033"/>
  <testcase name="testFindSolution[19]" classname="ar.edu.itba.sia.gps.TestGPSEngine" time="0"/>
  <testcase name="testFindSolution[20]" classname="ar.edu.itba.sia.gps.TestGPSEngine" time="7.443"/>
  <testcase name="testFindSolution[21]" classname="ar.edu.itba.sia.gps.TestGPSEngine" time="60.521"/>
  <testcase name="testFindSolution[22]" classname="ar.edu.itba.sia.gps.TestGPSEngine" time="0.009"/>
  <testcase name="testFindSolution[23]" classname="ar.edu.itba.sia.gps.TestGPSEngine" time="0.018"/>
  <testcase name="testFindSolution[24]" classname="ar.edu.itba.sia.gps.TestGPSEngine" time="0.009"/>
  <testcase name="testFindSolution[25]" classname="ar.edu.itba.sia.gps.TestGPSEngine" time="0.193"/>
  <testcase name="testFindSolution[26]" classname="ar.edu.itba.sia.gps.TestGPSEngine" time="0"/>
  <testcase name="testFindSolution[27]" classname="ar.edu.itba.sia.gps.TestGPSEngine" time="0"/>
  <testcase name="testFindSolution[28]" classname="ar.edu.itba.sia.gps.TestGPSEngine" time="0.227"/>
  <testcase name="testFindSolution[29]" classname="ar.edu.itba.sia.gps.TestGPSEngine" time="3.999"/>
  <testcase name="testFindSolution[30]" classname="ar.edu.itba.sia.gps.TestGPSEngine" time="0.001"/>
  <testcase name="testFindSolution[31]" classname="ar.edu.itba.sia.gps.TestGPSEngine" time="0.013"/>
  <testcase name="testFindSolution[32]" classname="ar.edu.itba.sia.gps.TestGPSEngine" time="0.007"/>
  <testcase name="testFindSolution[33]" classname="ar.edu.itba.sia.gps.TestGPSEngine" time="0.014"/>
  <testcase name="testFindSolution[34]" classname="ar.edu.itba.sia.gps.TestGPSEngine" time="0.005"/>
  <testcase name="testFindSolution[35]" classname="ar.edu.itba.sia.gps.TestGPSEngine" time="0.002"/>
  <testcase name="testFindSolution[36]" classname="ar.edu.itba.sia.gps.TestGPSEngine" time="0.972"/>
  <testcase name="testFindSolution[37]" classname="ar.edu.itba.sia.gps.TestGPSEngine" time="9.15"/>
  <testcase name="testFindSolution[38]" classname="ar.edu.itba.sia.gps.TestGPSEngine" time="0.006"/>
</testsuite>